<?xml version="1.0" encoding="UTF-8"?>
<!-- Generated by org.testng.reporters.JUnitReportReporter -->
<testsuite hostname="DESKTOP-QTN1F52" name="com.devops.seleniumDemo.NewTest" tests="1" failures="0" timestamp="29 Jul 2020 13:37:41 GMT" time="7.017" errors="0">
  <testcase name="f" time="7.017" classname="com.devops.seleniumDemo.NewTest"/>
</testsuite> <!-- com.devops.seleniumDemo.NewTest -->
