<?xml version="1.0" encoding="UTF-8"?>
<!-- Generated by org.testng.reporters.JUnitReportReporter -->
<testsuite hostname="DESKTOP-QTN1F52" name="com.devops.seleniumDemo.NewTest" tests="1" failures="0" timestamp="29 Jul 2020 09:18:59 GMT" time="6.832" errors="0">
  <testcase name="f" time="6.832" classname="com.devops.seleniumDemo.NewTest"/>
</testsuite> <!-- com.devops.seleniumDemo.NewTest -->
