<?xml version="1.0" encoding="UTF-8"?>
<!-- Generated by org.testng.reporters.JUnitReportReporter -->
<testsuite hostname="DESKTOP-QTN1F52" name="com.devops.seleniumDemo.NewTest" tests="1" failures="0" timestamp="28 Jul 2020 09:29:03 GMT" time="0.022" errors="0">
  <testcase name="f" time="0.022" classname="com.devops.seleniumDemo.NewTest"/>
</testsuite> <!-- com.devops.seleniumDemo.NewTest -->
